{"C:\\YouMe\\Daebak\\Daebak\\daebak\\.eslintrc.js": {"path":"C:\\YouMe\\Daebak\\Daebak\\daebak\\.eslintrc.js","statementMap":{"0":{"start":{"line":1,"column":0},"end":{"line":25,"column":2}}},"fnMap":{},"branchMap":{},"s":{"0":0},"f":{},"b":{}}
,"C:\\YouMe\\Daebak\\Daebak\\daebak\\babel.config.js": {"path":"C:\\YouMe\\Daebak\\Daebak\\daebak\\babel.config.js","statementMap":{"0":{"start":{"line":1,"column":0},"end":{"line":3,"column":2}}},"fnMap":{},"branchMap":{},"s":{"0":0},"f":{},"b":{}}
,"C:\\YouMe\\Daebak\\Daebak\\daebak\\jest.config.js": {"path":"C:\\YouMe\\Daebak\\Daebak\\daebak\\jest.config.js","statementMap":{"0":{"start":{"line":1,"column":0},"end":{"line":19,"column":2}}},"fnMap":{},"branchMap":{},"s":{"0":0},"f":{},"b":{}}
,"C:\\YouMe\\Daebak\\Daebak\\daebak\\vue.config.js": {"path":"C:\\YouMe\\Daebak\\Daebak\\daebak\\vue.config.js","statementMap":{"0":{"start":{"line":1,"column":0},"end":{"line":3,"column":1}}},"fnMap":{},"branchMap":{},"s":{"0":0},"f":{},"b":{}}
,"C:\\YouMe\\Daebak\\Daebak\\daebak\\src\\App.vue": {"path":"C:\\YouMe\\Daebak\\Daebak\\daebak\\src\\App.vue","statementMap":{"0":{"start":{"line":1,"column":0},"end":{"line":1,"column":null}}},"fnMap":{"0":{"name":"(anonymous_0)","decl":{"start":{"line":1,"column":0},"end":{"line":1,"column":null}},"loc":{"start":{"line":1,"column":0},"end":{"line":1,"column":null}}}},"branchMap":{},"s":{"0":0},"f":{"0":0},"b":{}}
,"C:\\YouMe\\Daebak\\Daebak\\daebak\\src\\main.js": {"path":"C:\\YouMe\\Daebak\\Daebak\\daebak\\src\\main.js","statementMap":{"0":{"start":{"line":7,"column":0},"end":{"line":7,"column":33}},"1":{"start":{"line":8,"column":0},"end":{"line":8,"column":15}},"2":{"start":{"line":10,"column":0},"end":{"line":14,"column":18}},"3":{"start":{"line":13,"column":19},"end":{"line":13,"column":25}}},"fnMap":{"0":{"name":"(anonymous_0)","decl":{"start":{"line":13,"column":12},"end":{"line":13,"column":13}},"loc":{"start":{"line":13,"column":19},"end":{"line":13,"column":25}},"line":13}},"branchMap":{},"s":{"0":0,"1":0,"2":0,"3":0},"f":{"0":0},"b":{}}
,"C:\\YouMe\\Daebak\\Daebak\\daebak\\src\\api\\index.js": {"path":"C:\\YouMe\\Daebak\\Daebak\\daebak\\src\\api\\index.js","statementMap":{"0":{"start":{"line":3,"column":15},"end":{"line":5,"column":1}},"1":{"start":{"line":8,"column":4},"end":{"line":11,"column":6}},"2":{"start":{"line":15,"column":4},"end":{"line":511,"column":6}},"3":{"start":{"line":518,"column":4},"end":{"line":518,"column":44}},"4":{"start":{"line":521,"column":4},"end":{"line":521,"column":63}}},"fnMap":{"0":{"name":"fetchUserInfo","decl":{"start":{"line":7,"column":9},"end":{"line":7,"column":22}},"loc":{"start":{"line":7,"column":25},"end":{"line":12,"column":1}},"line":7},"1":{"name":"fetchOrders","decl":{"start":{"line":14,"column":9},"end":{"line":14,"column":20}},"loc":{"start":{"line":14,"column":23},"end":{"line":512,"column":1}},"line":14},"2":{"name":"createOrders","decl":{"start":{"line":517,"column":9},"end":{"line":517,"column":21}},"loc":{"start":{"line":517,"column":28},"end":{"line":519,"column":1}},"line":517},"3":{"name":"deleteOrders","decl":{"start":{"line":520,"column":9},"end":{"line":520,"column":21}},"loc":{"start":{"line":520,"column":30},"end":{"line":522,"column":1}},"line":520}},"branchMap":{},"s":{"0":0,"1":0,"2":0,"3":0,"4":0},"f":{"0":0,"1":0,"2":0,"3":0},"b":{}}
,"C:\\YouMe\\Daebak\\Daebak\\daebak\\src\\components\\BudgetBoard.vue": {"path":"C:\\YouMe\\Daebak\\Daebak\\daebak\\src\\components\\BudgetBoard.vue","statementMap":{"0":{"start":{"line":1,"column":0},"end":{"line":1,"column":null}}},"fnMap":{"0":{"name":"(anonymous_0)","decl":{"start":{"line":1,"column":0},"end":{"line":1,"column":null}},"loc":{"start":{"line":1,"column":0},"end":{"line":1,"column":null}}}},"branchMap":{"0":{"loc":{"start":{"line":1,"column":0},"end":{"line":1,"column":null}},"type":"cond-expr","locations":[{"start":{"line":1,"column":0},"end":{"line":1,"column":null}},{"start":{"line":1,"column":0},"end":{"line":1,"column":null}}]}},"s":{"0":0},"f":{"0":0},"b":{"0":[0,0]}}
,"C:\\YouMe\\Daebak\\Daebak\\daebak\\src\\components\\BudgetChartTest.vue": {"path":"C:\\YouMe\\Daebak\\Daebak\\daebak\\src\\components\\BudgetChartTest.vue","statementMap":{"0":{"start":{"line":1,"column":0},"end":{"line":1,"column":null}}},"fnMap":{"0":{"name":"(anonymous_0)","decl":{"start":{"line":1,"column":0},"end":{"line":1,"column":null}},"loc":{"start":{"line":1,"column":0},"end":{"line":1,"column":null}}}},"branchMap":{},"s":{"0":0},"f":{"0":0},"b":{}}
,"C:\\YouMe\\Daebak\\Daebak\\daebak\\src\\components\\BudgetItem.vue": {"path":"C:\\YouMe\\Daebak\\Daebak\\daebak\\src\\components\\BudgetItem.vue","statementMap":{"0":{"start":{"line":49,"column":0},"end":{"line":78,"column":null}},"1":{"start":{"line":1,"column":0},"end":{"line":1,"column":null}}},"fnMap":{"0":{"name":"(anonymous_4)","decl":{"start":{"line":1,"column":0},"end":{"line":1,"column":null}},"loc":{"start":{"line":1,"column":0},"end":{"line":1,"column":null}}}},"branchMap":{"0":{"loc":{"start":{"line":1,"column":0},"end":{"line":1,"column":null}},"type":"if","locations":[{"start":{"line":1,"column":0},"end":{"line":1,"column":null}}]},"1":{"loc":{"start":{"line":1,"column":0},"end":{"line":1,"column":null}},"type":"cond-expr","locations":[{"start":{"line":1,"column":0},"end":{"line":1,"column":null}},{"start":{"line":1,"column":0},"end":{"line":1,"column":null}}]}},"s":{"0":0,"1":0},"f":{"0":0},"b":{"0":[0],"1":[0,0]}}
,"C:\\YouMe\\Daebak\\Daebak\\daebak\\src\\components\\BudgetModalAdd.vue": {"path":"C:\\YouMe\\Daebak\\Daebak\\daebak\\src\\components\\BudgetModalAdd.vue","statementMap":{"0":{"start":{"line":1,"column":0},"end":{"line":1,"column":null}}},"fnMap":{"0":{"name":"(anonymous_0)","decl":{"start":{"line":1,"column":0},"end":{"line":1,"column":null}},"loc":{"start":{"line":1,"column":0},"end":{"line":1,"column":null}}}},"branchMap":{},"s":{"0":0},"f":{"0":0},"b":{}}
,"C:\\YouMe\\Daebak\\Daebak\\daebak\\src\\components\\BudgetModalModify.vue": {"path":"C:\\YouMe\\Daebak\\Daebak\\daebak\\src\\components\\BudgetModalModify.vue","statementMap":{"0":{"start":{"line":1,"column":0},"end":{"line":1,"column":null}}},"fnMap":{"0":{"name":"(anonymous_0)","decl":{"start":{"line":1,"column":0},"end":{"line":1,"column":null}},"loc":{"start":{"line":1,"column":0},"end":{"line":1,"column":null}}}},"branchMap":{},"s":{"0":0},"f":{"0":0},"b":{}}
,"C:\\YouMe\\Daebak\\Daebak\\daebak\\src\\components\\BudgetTable.vue": {"path":"C:\\YouMe\\Daebak\\Daebak\\daebak\\src\\components\\BudgetTable.vue","statementMap":{"0":{"start":{"line":82,"column":0},"end":{"line":193,"column":null}},"1":{"start":{"line":1,"column":0},"end":{"line":1,"column":null}}},"fnMap":{"0":{"name":"(anonymous_19)","decl":{"start":{"line":1,"column":0},"end":{"line":1,"column":null}},"loc":{"start":{"line":1,"column":0},"end":{"line":1,"column":null}}}},"branchMap":{"0":{"loc":{"start":{"line":1,"column":0},"end":{"line":1,"column":null}},"type":"cond-expr","locations":[{"start":{"line":1,"column":0},"end":{"line":1,"column":null}},{"start":{"line":1,"column":0},"end":{"line":1,"column":null}}]}},"s":{"0":0,"1":0},"f":{"0":0},"b":{"0":[0,0]}}
,"C:\\YouMe\\Daebak\\Daebak\\daebak\\src\\components\\chart\\ChartPrice.vue": {"path":"C:\\YouMe\\Daebak\\Daebak\\daebak\\src\\components\\chart\\ChartPrice.vue","statementMap":{"0":{"start":{"line":1,"column":0},"end":{"line":1,"column":null}}},"fnMap":{"0":{"name":"(anonymous_0)","decl":{"start":{"line":1,"column":0},"end":{"line":1,"column":null}},"loc":{"start":{"line":1,"column":0},"end":{"line":1,"column":null}}}},"branchMap":{},"s":{"0":0},"f":{"0":0},"b":{}}
,"C:\\YouMe\\Daebak\\Daebak\\daebak\\src\\components\\chart\\ChartQuantityAvg.vue": {"path":"C:\\YouMe\\Daebak\\Daebak\\daebak\\src\\components\\chart\\ChartQuantityAvg.vue","statementMap":{"0":{"start":{"line":1,"column":0},"end":{"line":1,"column":null}}},"fnMap":{"0":{"name":"(anonymous_0)","decl":{"start":{"line":1,"column":0},"end":{"line":1,"column":null}},"loc":{"start":{"line":1,"column":0},"end":{"line":1,"column":null}}}},"branchMap":{},"s":{"0":0},"f":{"0":0},"b":{}}
,"C:\\YouMe\\Daebak\\Daebak\\daebak\\src\\components\\chart\\ChartQuantityRate.vue": {"path":"C:\\YouMe\\Daebak\\Daebak\\daebak\\src\\components\\chart\\ChartQuantityRate.vue","statementMap":{"0":{"start":{"line":1,"column":0},"end":{"line":1,"column":null}}},"fnMap":{"0":{"name":"(anonymous_0)","decl":{"start":{"line":1,"column":0},"end":{"line":1,"column":null}},"loc":{"start":{"line":1,"column":0},"end":{"line":1,"column":null}}}},"branchMap":{},"s":{"0":0},"f":{"0":0},"b":{}}
,"C:\\YouMe\\Daebak\\Daebak\\daebak\\src\\components\\main\\MainBanner.vue": {"path":"C:\\YouMe\\Daebak\\Daebak\\daebak\\src\\components\\main\\MainBanner.vue","statementMap":{"0":{"start":{"line":1,"column":0},"end":{"line":1,"column":null}}},"fnMap":{"0":{"name":"(anonymous_0)","decl":{"start":{"line":1,"column":0},"end":{"line":1,"column":null}},"loc":{"start":{"line":1,"column":0},"end":{"line":1,"column":null}}}},"branchMap":{},"s":{"0":0},"f":{"0":0},"b":{}}
,"C:\\YouMe\\Daebak\\Daebak\\daebak\\src\\components\\main\\MainBoard.vue": {"path":"C:\\YouMe\\Daebak\\Daebak\\daebak\\src\\components\\main\\MainBoard.vue","statementMap":{"0":{"start":{"line":1,"column":0},"end":{"line":1,"column":null}}},"fnMap":{"0":{"name":"(anonymous_0)","decl":{"start":{"line":1,"column":0},"end":{"line":1,"column":null}},"loc":{"start":{"line":1,"column":0},"end":{"line":1,"column":null}}}},"branchMap":{},"s":{"0":0},"f":{"0":0},"b":{}}
,"C:\\YouMe\\Daebak\\Daebak\\daebak\\src\\components\\main\\MainChartMonthBasic.vue": {"path":"C:\\YouMe\\Daebak\\Daebak\\daebak\\src\\components\\main\\MainChartMonthBasic.vue","statementMap":{"0":{"start":{"line":1,"column":0},"end":{"line":1,"column":null}}},"fnMap":{"0":{"name":"(anonymous_0)","decl":{"start":{"line":1,"column":0},"end":{"line":1,"column":null}},"loc":{"start":{"line":1,"column":0},"end":{"line":1,"column":null}}}},"branchMap":{},"s":{"0":0},"f":{"0":0},"b":{}}
,"C:\\YouMe\\Daebak\\Daebak\\daebak\\src\\constants\\main.js": {"path":"C:\\YouMe\\Daebak\\Daebak\\daebak\\src\\constants\\main.js","statementMap":{"0":{"start":{"line":1,"column":21},"end":{"line":1,"column":24}},"1":{"start":{"line":2,"column":23},"end":{"line":2,"column":27}},"2":{"start":{"line":3,"column":21},"end":{"line":3,"column":26}},"3":{"start":{"line":4,"column":22},"end":{"line":4,"column":28}}},"fnMap":{},"branchMap":{},"s":{"0":0,"1":0,"2":0,"3":0},"f":{},"b":{}}
,"C:\\YouMe\\Daebak\\Daebak\\daebak\\src\\routes\\index.js": {"path":"C:\\YouMe\\Daebak\\Daebak\\daebak\\src\\routes\\index.js","statementMap":{"0":{"start":{"line":8,"column":0},"end":{"line":8,"column":19}},"1":{"start":{"line":10,"column":22},"end":{"line":38,"column":2}}},"fnMap":{},"branchMap":{},"s":{"0":0,"1":0},"f":{},"b":{}}
,"C:\\YouMe\\Daebak\\Daebak\\daebak\\src\\store\\index.js": {"path":"C:\\YouMe\\Daebak\\Daebak\\daebak\\src\\store\\index.js","statementMap":{"0":{"start":{"line":6,"column":0},"end":{"line":6,"column":14}},"1":{"start":{"line":8,"column":21},"end":{"line":20,"column":2}}},"fnMap":{},"branchMap":{},"s":{"0":0,"1":0},"f":{},"b":{}}
,"C:\\YouMe\\Daebak\\Daebak\\daebak\\src\\store\\module\\date.js": {"path":"C:\\YouMe\\Daebak\\Daebak\\daebak\\src\\store\\module\\date.js","statementMap":{"0":{"start":{"line":1,"column":14},"end":{"line":6,"column":2}},"1":{"start":{"line":1,"column":21},"end":{"line":6,"column":1}},"2":{"start":{"line":8,"column":16},"end":{"line":22,"column":1}},"3":{"start":{"line":10,"column":8},"end":{"line":10,"column":26}},"4":{"start":{"line":13,"column":8},"end":{"line":13,"column":27}},"5":{"start":{"line":16,"column":8},"end":{"line":16,"column":26}},"6":{"start":{"line":19,"column":21},"end":{"line":19,"column":57}},"7":{"start":{"line":20,"column":8},"end":{"line":20,"column":30}},"8":{"start":{"line":24,"column":16},"end":{"line":29,"column":1}},"9":{"start":{"line":26,"column":22},"end":{"line":26,"column":32}},"10":{"start":{"line":27,"column":8},"end":{"line":27,"column":35}},"11":{"start":{"line":31,"column":18},"end":{"line":38,"column":1}},"12":{"start":{"line":33,"column":8},"end":{"line":33,"column":28}},"13":{"start":{"line":34,"column":8},"end":{"line":34,"column":41}},"14":{"start":{"line":35,"column":8},"end":{"line":35,"column":43}},"15":{"start":{"line":36,"column":8},"end":{"line":36,"column":37}}},"fnMap":{"0":{"name":"(anonymous_0)","decl":{"start":{"line":1,"column":14},"end":{"line":1,"column":15}},"loc":{"start":{"line":1,"column":21},"end":{"line":6,"column":1}},"line":1},"1":{"name":"(anonymous_1)","decl":{"start":{"line":9,"column":4},"end":{"line":9,"column":5}},"loc":{"start":{"line":9,"column":16},"end":{"line":11,"column":5}},"line":9},"2":{"name":"(anonymous_2)","decl":{"start":{"line":12,"column":4},"end":{"line":12,"column":5}},"loc":{"start":{"line":12,"column":17},"end":{"line":14,"column":5}},"line":12},"3":{"name":"(anonymous_3)","decl":{"start":{"line":15,"column":4},"end":{"line":15,"column":5}},"loc":{"start":{"line":15,"column":16},"end":{"line":17,"column":5}},"line":15},"4":{"name":"(anonymous_4)","decl":{"start":{"line":18,"column":4},"end":{"line":18,"column":5}},"loc":{"start":{"line":18,"column":27},"end":{"line":21,"column":5}},"line":18},"5":{"name":"(anonymous_5)","decl":{"start":{"line":25,"column":4},"end":{"line":25,"column":5}},"loc":{"start":{"line":25,"column":28},"end":{"line":28,"column":5}},"line":25},"6":{"name":"(anonymous_6)","decl":{"start":{"line":32,"column":4},"end":{"line":32,"column":5}},"loc":{"start":{"line":32,"column":28},"end":{"line":37,"column":5}},"line":32}},"branchMap":{},"s":{"0":0,"1":0,"2":0,"3":0,"4":0,"5":0,"6":0,"7":0,"8":0,"9":0,"10":0,"11":0,"12":0,"13":0,"14":0,"15":0},"f":{"0":0,"1":0,"2":0,"3":0,"4":0,"5":0,"6":0},"b":{}}
,"C:\\YouMe\\Daebak\\Daebak\\daebak\\src\\store\\module\\order.js": {"path":"C:\\YouMe\\Daebak\\Daebak\\daebak\\src\\store\\module\\order.js","statementMap":{"0":{"start":{"line":4,"column":14},"end":{"line":6,"column":2}},"1":{"start":{"line":4,"column":21},"end":{"line":6,"column":1}},"2":{"start":{"line":8,"column":16},"end":{"line":21,"column":1}},"3":{"start":{"line":10,"column":8},"end":{"line":10,"column":28}},"4":{"start":{"line":13,"column":21},"end":{"line":13,"column":31}},"5":{"start":{"line":14,"column":8},"end":{"line":14,"column":70}},"6":{"start":{"line":14,"column":42},"end":{"line":14,"column":68}},"7":{"start":{"line":17,"column":21},"end":{"line":17,"column":31}},"8":{"start":{"line":18,"column":8},"end":{"line":18,"column":43}},"9":{"start":{"line":19,"column":8},"end":{"line":19,"column":70}},"10":{"start":{"line":19,"column":42},"end":{"line":19,"column":68}},"11":{"start":{"line":23,"column":16},"end":{"line":45,"column":1}},"12":{"start":{"line":25,"column":8},"end":{"line":43,"column":9}},"13":{"start":{"line":26,"column":29},"end":{"line":26,"column":48}},"14":{"start":{"line":27,"column":12},"end":{"line":39,"column":13}},"15":{"start":{"line":28,"column":36},"end":{"line":37,"column":18}},"16":{"start":{"line":29,"column":20},"end":{"line":36,"column":22}},"17":{"start":{"line":38,"column":16},"end":{"line":38,"column":50}},"18":{"start":{"line":40,"column":12},"end":{"line":40,"column":24}},"19":{"start":{"line":42,"column":12},"end":{"line":42,"column":31}},"20":{"start":{"line":47,"column":18},"end":{"line":51,"column":1}},"21":{"start":{"line":49,"column":8},"end":{"line":49,"column":28}}},"fnMap":{"0":{"name":"(anonymous_0)","decl":{"start":{"line":4,"column":14},"end":{"line":4,"column":15}},"loc":{"start":{"line":4,"column":21},"end":{"line":6,"column":1}},"line":4},"1":{"name":"(anonymous_1)","decl":{"start":{"line":9,"column":4},"end":{"line":9,"column":5}},"loc":{"start":{"line":9,"column":18},"end":{"line":11,"column":5}},"line":9},"2":{"name":"(anonymous_2)","decl":{"start":{"line":12,"column":4},"end":{"line":12,"column":5}},"loc":{"start":{"line":12,"column":30},"end":{"line":15,"column":5}},"line":12},"3":{"name":"(anonymous_3)","decl":{"start":{"line":14,"column":35},"end":{"line":14,"column":36}},"loc":{"start":{"line":14,"column":42},"end":{"line":14,"column":68}},"line":14},"4":{"name":"(anonymous_4)","decl":{"start":{"line":16,"column":4},"end":{"line":16,"column":5}},"loc":{"start":{"line":16,"column":27},"end":{"line":20,"column":5}},"line":16},"5":{"name":"(anonymous_5)","decl":{"start":{"line":19,"column":35},"end":{"line":19,"column":36}},"loc":{"start":{"line":19,"column":42},"end":{"line":19,"column":68}},"line":19},"6":{"name":"(anonymous_6)","decl":{"start":{"line":24,"column":4},"end":{"line":24,"column":5}},"loc":{"start":{"line":24,"column":35},"end":{"line":44,"column":5}},"line":24},"7":{"name":"(anonymous_7)","decl":{"start":{"line":28,"column":50},"end":{"line":28,"column":51}},"loc":{"start":{"line":28,"column":57},"end":{"line":37,"column":17}},"line":28},"8":{"name":"(anonymous_8)","decl":{"start":{"line":48,"column":4},"end":{"line":48,"column":5}},"loc":{"start":{"line":48,"column":28},"end":{"line":50,"column":5}},"line":48}},"branchMap":{"0":{"loc":{"start":{"line":27,"column":12},"end":{"line":39,"column":13}},"type":"if","locations":[{"start":{"line":27,"column":12},"end":{"line":39,"column":13}},{"start":{},"end":{}}],"line":27}},"s":{"0":0,"1":0,"2":0,"3":0,"4":0,"5":0,"6":0,"7":0,"8":0,"9":0,"10":0,"11":0,"12":0,"13":0,"14":0,"15":0,"16":0,"17":0,"18":0,"19":0,"20":0,"21":0},"f":{"0":0,"1":0,"2":0,"3":0,"4":0,"5":0,"6":0,"7":0,"8":0},"b":{"0":[0,0]}}
,"C:\\YouMe\\Daebak\\Daebak\\daebak\\src\\utils\\common.js": {"path":"C:\\YouMe\\Daebak\\Daebak\\daebak\\src\\utils\\common.js","statementMap":{"0":{"start":{"line":2,"column":20},"end":{"line":2,"column":61}},"1":{"start":{"line":3,"column":4},"end":{"line":3,"column":32}},"2":{"start":{"line":7,"column":19},"end":{"line":7,"column":44}},"3":{"start":{"line":8,"column":4},"end":{"line":8,"column":27}},"4":{"start":{"line":12,"column":17},"end":{"line":12,"column":47}},"5":{"start":{"line":13,"column":4},"end":{"line":13,"column":43}},"6":{"start":{"line":17,"column":17},"end":{"line":17,"column":53}},"7":{"start":{"line":18,"column":4},"end":{"line":18,"column":43}},"8":{"start":{"line":22,"column":17},"end":{"line":22,"column":35}},"9":{"start":{"line":23,"column":18},"end":{"line":23,"column":37}},"10":{"start":{"line":24,"column":20},"end":{"line":24,"column":61}},"11":{"start":{"line":25,"column":4},"end":{"line":25,"column":32}}},"fnMap":{"0":{"name":"isDateInMonth","decl":{"start":{"line":1,"column":9},"end":{"line":1,"column":22}},"loc":{"start":{"line":1,"column":44},"end":{"line":4,"column":1}},"line":1},"1":{"name":"getDayOffsetOfMonth","decl":{"start":{"line":6,"column":9},"end":{"line":6,"column":28}},"loc":{"start":{"line":6,"column":42},"end":{"line":9,"column":1}},"line":6},"2":{"name":"formatISODate","decl":{"start":{"line":11,"column":9},"end":{"line":11,"column":22}},"loc":{"start":{"line":11,"column":32},"end":{"line":14,"column":1}},"line":11},"3":{"name":"formatISODateForChartLabel","decl":{"start":{"line":16,"column":9},"end":{"line":16,"column":35}},"loc":{"start":{"line":16,"column":56},"end":{"line":19,"column":1}},"line":16},"4":{"name":"compareMonth","decl":{"start":{"line":21,"column":9},"end":{"line":21,"column":21}},"loc":{"start":{"line":21,"column":36},"end":{"line":26,"column":1}},"line":21}},"branchMap":{},"s":{"0":0,"1":0,"2":0,"3":0,"4":0,"5":0,"6":0,"7":0,"8":0,"9":0,"10":0,"11":0},"f":{"0":0,"1":0,"2":0,"3":0,"4":0},"b":{}}
,"C:\\YouMe\\Daebak\\Daebak\\daebak\\src\\views\\BoardView.vue": {"path":"C:\\YouMe\\Daebak\\Daebak\\daebak\\src\\views\\BoardView.vue","statementMap":{"0":{"start":{"line":1,"column":0},"end":{"line":1,"column":null}}},"fnMap":{"0":{"name":"(anonymous_0)","decl":{"start":{"line":1,"column":0},"end":{"line":1,"column":null}},"loc":{"start":{"line":1,"column":0},"end":{"line":1,"column":null}}}},"branchMap":{"0":{"loc":{"start":{"line":1,"column":0},"end":{"line":1,"column":null}},"type":"cond-expr","locations":[{"start":{"line":1,"column":0},"end":{"line":1,"column":null}},{"start":{"line":1,"column":0},"end":{"line":1,"column":null}}]}},"s":{"0":0},"f":{"0":0},"b":{"0":[0,0]}}
,"C:\\YouMe\\Daebak\\Daebak\\daebak\\src\\views\\LoginNaverView.vue": {"path":"C:\\YouMe\\Daebak\\Daebak\\daebak\\src\\views\\LoginNaverView.vue","statementMap":{"0":{"start":{"line":4,"column":0},"end":{"line":4,"column":null}},"1":{"start":{"line":1,"column":0},"end":{"line":1,"column":null}}},"fnMap":{"0":{"name":"(anonymous_0)","decl":{"start":{"line":1,"column":0},"end":{"line":1,"column":null}},"loc":{"start":{"line":1,"column":0},"end":{"line":1,"column":null}}}},"branchMap":{},"s":{"0":0,"1":0},"f":{"0":0},"b":{}}
,"C:\\YouMe\\Daebak\\Daebak\\daebak\\src\\views\\LoginView.vue": {"path":"C:\\YouMe\\Daebak\\Daebak\\daebak\\src\\views\\LoginView.vue","statementMap":{"0":{"start":{"line":26,"column":0},"end":{"line":63,"column":null}},"1":{"start":{"line":1,"column":0},"end":{"line":1,"column":null}}},"fnMap":{"0":{"name":"(anonymous_8)","decl":{"start":{"line":1,"column":0},"end":{"line":1,"column":null}},"loc":{"start":{"line":1,"column":0},"end":{"line":1,"column":null}}}},"branchMap":{},"s":{"0":0,"1":0},"f":{"0":0},"b":{}}
,"C:\\YouMe\\Daebak\\Daebak\\daebak\\src\\views\\MainView.vue": {"path":"C:\\YouMe\\Daebak\\Daebak\\daebak\\src\\views\\MainView.vue","statementMap":{"0":{"start":{"line":1,"column":0},"end":{"line":1,"column":null}}},"fnMap":{"0":{"name":"(anonymous_0)","decl":{"start":{"line":1,"column":0},"end":{"line":1,"column":null}},"loc":{"start":{"line":1,"column":0},"end":{"line":1,"column":null}}}},"branchMap":{},"s":{"0":0},"f":{"0":0},"b":{}}
}
